<?xml version="1.0" encoding="UTF-8"?>
<!-- Generated by org.testng.reporters.JUnitReportReporter -->
<testsuite hostname="LAPTOP-6CB05U1E" name="org.project.task3.Flight_BlazeDemo2" tests="1" failures="0" timestamp="10 Jan 2021 07:55:23 GMT" time="15.430" errors="0">
  <testcase name="tc1" time="15.430" classname="org.project.task3.Flight_BlazeDemo2"/>
</testsuite> <!-- org.project.task3.Flight_BlazeDemo2 -->
