<?xml version="1.0" encoding="UTF-8"?>
<!-- Generated by org.testng.reporters.JUnitReportReporter -->
<testsuite hostname="LAPTOP-6CB05U1E" name="org.project.task3.Flight_BlazeDemo" tests="1" failures="0" timestamp="10 Jan 2021 09:27:46 GMT" time="10.495" errors="0">
  <testcase name="tc1" time="10.495" classname="org.project.task3.Flight_BlazeDemo"/>
</testsuite> <!-- org.project.task3.Flight_BlazeDemo -->
